{"C:\\SENAV\\MIERCOLES_express\\bc-expressjs-valentina-mendivil\\src\\app.ts": {"path":"C:\\SENAV\\MIERCOLES_express\\bc-expressjs-valentina-mendivil\\src\\app.ts","statementMap":{"0":{"start":{"line":1,"column":0},"end":{"line":1,"column":30}},"1":{"start":{"line":2,"column":0},"end":{"line":2,"column":41}},"2":{"start":{"line":3,"column":0},"end":{"line":3,"column":28}},"3":{"start":{"line":4,"column":0},"end":{"line":4,"column":24}},"4":{"start":{"line":5,"column":0},"end":{"line":5,"column":46}},"5":{"start":{"line":6,"column":0},"end":{"line":6,"column":68}},"6":{"start":{"line":7,"column":0},"end":{"line":7,"column":52}},"7":{"start":{"line":8,"column":0},"end":{"line":8,"column":58}},"8":{"start":{"line":9,"column":0},"end":{"line":9,"column":50}},"9":{"start":{"line":10,"column":0},"end":{"line":10,"column":67}},"10":{"start":{"line":11,"column":0},"end":{"line":11,"column":63}},"11":{"start":{"line":13,"column":13},"end":{"line":13,"column":29}},"12":{"start":{"line":16,"column":0},"end":{"line":16,"column":18}},"13":{"start":{"line":17,"column":0},"end":{"line":17,"column":23}},"14":{"start":{"line":18,"column":0},"end":{"line":18,"column":27}},"15":{"start":{"line":21,"column":0},"end":{"line":21,"column":24}},"16":{"start":{"line":22,"column":0},"end":{"line":22,"column":24}},"17":{"start":{"line":25,"column":0},"end":{"line":25,"column":24}},"18":{"start":{"line":27,"column":0},"end":{"line":29,"column":3}},"19":{"start":{"line":28,"column":2},"end":{"line":28,"column":29}},"20":{"start":{"line":31,"column":0},"end":{"line":31,"column":36}},"21":{"start":{"line":32,"column":0},"end":{"line":32,"column":61}},"22":{"start":{"line":33,"column":0},"end":{"line":33,"column":43}},"23":{"start":{"line":35,"column":0},"end":{"line":35,"column":18}},"24":{"start":{"line":36,"column":0},"end":{"line":36,"column":22}}},"fnMap":{"0":{"name":"(anonymous_1)","decl":{"start":{"line":27,"column":19},"end":{"line":27,"column":20}},"loc":{"start":{"line":27,"column":33},"end":{"line":29,"column":1}}}},"branchMap":{},"s":{"0":3,"1":3,"2":3,"3":3,"4":3,"5":3,"6":3,"7":3,"8":3,"9":3,"10":3,"11":3,"12":3,"13":3,"14":3,"15":3,"16":3,"17":3,"18":3,"19":0,"20":3,"21":3,"22":3,"23":3,"24":3},"f":{"0":0},"b":{}}
,"C:\\SENAV\\MIERCOLES_express\\bc-expressjs-valentina-mendivil\\src\\config\\security.ts": {"path":"C:\\SENAV\\MIERCOLES_express\\bc-expressjs-valentina-mendivil\\src\\config\\security.ts","statementMap":{"0":{"start":{"line":1,"column":0},"end":{"line":1,"column":43}},"1":{"start":{"line":5,"column":13},"end":{"line":11,"column":3}},"2":{"start":{"line":14,"column":13},"end":{"line":20,"column":3}},"3":{"start":{"line":23,"column":24},"end":{"line":23,"column":74}},"4":{"start":{"line":25,"column":13},"end":{"line":36,"column":2}},"5":{"start":{"line":27,"column":4},"end":{"line":31,"column":5}},"6":{"start":{"line":28,"column":6},"end":{"line":28,"column":27}},"7":{"start":{"line":30,"column":6},"end":{"line":30,"column":75}}},"fnMap":{"0":{"name":"(anonymous_1)","decl":{"start":{"line":26,"column":10},"end":{"line":26,"column":11}},"loc":{"start":{"line":26,"column":31},"end":{"line":32,"column":3}}}},"branchMap":{"0":{"loc":{"start":{"line":27,"column":4},"end":{"line":31,"column":5}},"type":"if","locations":[{"start":{"line":27,"column":4},"end":{"line":31,"column":5}},{"start":{"line":29,"column":11},"end":{"line":31,"column":5}}]},"1":{"loc":{"start":{"line":27,"column":8},"end":{"line":27,"column":51}},"type":"binary-expr","locations":[{"start":{"line":27,"column":8},"end":{"line":27,"column":15}},{"start":{"line":27,"column":19},"end":{"line":27,"column":51}}]}},"s":{"0":3,"1":3,"2":3,"3":3,"4":3,"5":47,"6":47,"7":0},"f":{"0":47},"b":{"0":[47,0],"1":[47,0]}}
,"C:\\SENAV\\MIERCOLES_express\\bc-expressjs-valentina-mendivil\\src\\controllers\\auth.controller.ts": {"path":"C:\\SENAV\\MIERCOLES_express\\bc-expressjs-valentina-mendivil\\src\\controllers\\auth.controller.ts","statementMap":{"0":{"start":{"line":34,"column":0},"end":{"line":34,"column":7}},"1":{"start":{"line":49,"column":0},"end":{"line":49,"column":7}},"2":{"start":{"line":60,"column":0},"end":{"line":60,"column":7}},"3":{"start":{"line":75,"column":0},"end":{"line":75,"column":7}},"4":{"start":{"line":90,"column":0},"end":{"line":90,"column":7}},"5":{"start":{"line":2,"column":0},"end":{"line":2,"column":56}},"6":{"start":{"line":3,"column":0},"end":{"line":3,"column":69}},"7":{"start":{"line":5,"column":21},"end":{"line":5,"column":58}},"8":{"start":{"line":8,"column":2},"end":{"line":14,"column":4}},"9":{"start":{"line":21,"column":2},"end":{"line":21,"column":87}},"10":{"start":{"line":22,"column":2},"end":{"line":26,"column":4}},"11":{"start":{"line":30,"column":2},"end":{"line":30,"column":33}},"12":{"start":{"line":31,"column":2},"end":{"line":31,"column":60}},"13":{"start":{"line":35,"column":2},"end":{"line":46,"column":3}},"14":{"start":{"line":36,"column":16},"end":{"line":36,"column":46}},"15":{"start":{"line":37,"column":17},"end":{"line":37,"column":48}},"16":{"start":{"line":38,"column":4},"end":{"line":43,"column":7}},"17":{"start":{"line":45,"column":4},"end":{"line":45,"column":14}},"18":{"start":{"line":50,"column":2},"end":{"line":57,"column":3}},"19":{"start":{"line":51,"column":16},"end":{"line":51,"column":43}},"20":{"start":{"line":52,"column":19},"end":{"line":52,"column":47}},"21":{"start":{"line":53,"column":4},"end":{"line":53,"column":33}},"22":{"start":{"line":54,"column":4},"end":{"line":54,"column":55}},"23":{"start":{"line":56,"column":4},"end":{"line":56,"column":14}},"24":{"start":{"line":61,"column":2},"end":{"line":72,"column":3}},"25":{"start":{"line":62,"column":19},"end":{"line":62,"column":32}},"26":{"start":{"line":63,"column":17},"end":{"line":63,"column":48}},"27":{"start":{"line":64,"column":4},"end":{"line":69,"column":7}},"28":{"start":{"line":71,"column":4},"end":{"line":71,"column":14}},"29":{"start":{"line":76,"column":2},"end":{"line":87,"column":3}},"30":{"start":{"line":77,"column":26},"end":{"line":77,"column":73}},"31":{"start":{"line":78,"column":4},"end":{"line":81,"column":5}},"32":{"start":{"line":79,"column":6},"end":{"line":79,"column":69}},"33":{"start":{"line":80,"column":6},"end":{"line":80,"column":13}},"34":{"start":{"line":82,"column":19},"end":{"line":82,"column":59}},"35":{"start":{"line":83,"column":4},"end":{"line":83,"column":33}},"36":{"start":{"line":84,"column":4},"end":{"line":84,"column":58}},"37":{"start":{"line":86,"column":4},"end":{"line":86,"column":14}},"38":{"start":{"line":91,"column":2},"end":{"line":98,"column":3}},"39":{"start":{"line":92,"column":19},"end":{"line":92,"column":32}},"40":{"start":{"line":93,"column":4},"end":{"line":93,"column":37}},"41":{"start":{"line":94,"column":4},"end":{"line":94,"column":27}},"42":{"start":{"line":95,"column":4},"end":{"line":95,"column":56}},"43":{"start":{"line":97,"column":4},"end":{"line":97,"column":14}}},"fnMap":{"0":{"name":"setCookieOptions","decl":{"start":{"line":7,"column":9},"end":{"line":7,"column":25}},"loc":{"start":{"line":7,"column":52},"end":{"line":15,"column":1}}},"1":{"name":"setTokenCookies","decl":{"start":{"line":17,"column":9},"end":{"line":17,"column":24}},"loc":{"start":{"line":19,"column":55},"end":{"line":27,"column":1}}},"2":{"name":"clearTokenCookies","decl":{"start":{"line":29,"column":9},"end":{"line":29,"column":26}},"loc":{"start":{"line":29,"column":40},"end":{"line":32,"column":1}}},"3":{"name":"register","decl":{"start":{"line":34,"column":22},"end":{"line":34,"column":30}},"loc":{"start":{"line":34,"column":78},"end":{"line":47,"column":1}}},"4":{"name":"login","decl":{"start":{"line":49,"column":22},"end":{"line":49,"column":27}},"loc":{"start":{"line":49,"column":75},"end":{"line":58,"column":1}}},"5":{"name":"me","decl":{"start":{"line":60,"column":22},"end":{"line":60,"column":24}},"loc":{"start":{"line":60,"column":72},"end":{"line":73,"column":1}}},"6":{"name":"refresh","decl":{"start":{"line":75,"column":22},"end":{"line":75,"column":29}},"loc":{"start":{"line":75,"column":77},"end":{"line":88,"column":1}}},"7":{"name":"logout","decl":{"start":{"line":90,"column":22},"end":{"line":90,"column":28}},"loc":{"start":{"line":90,"column":76},"end":{"line":99,"column":1}}}},"branchMap":{"0":{"loc":{"start":{"line":7,"column":42},"end":{"line":7,"column":52}},"type":"default-arg","locations":[{"start":{"line":7,"column":49},"end":{"line":7,"column":52}}]},"1":{"loc":{"start":{"line":78,"column":4},"end":{"line":81,"column":5}},"type":"if","locations":[{"start":{"line":78,"column":4},"end":{"line":81,"column":5}}]}},"s":{"0":3,"1":3,"2":3,"3":3,"4":3,"5":3,"6":3,"7":3,"8":12,"9":6,"10":6,"11":1,"12":1,"13":5,"14":5,"15":4,"16":3,"17":2,"18":6,"19":6,"20":6,"21":5,"22":5,"23":1,"24":1,"25":1,"26":1,"27":1,"28":0,"29":2,"30":2,"31":2,"32":1,"33":1,"34":1,"35":1,"36":1,"37":0,"38":1,"39":1,"40":1,"41":1,"42":1,"43":0},"f":{"0":12,"1":6,"2":1,"3":5,"4":6,"5":1,"6":2,"7":1},"b":{"0":[6],"1":[1]}}
,"C:\\SENAV\\MIERCOLES_express\\bc-expressjs-valentina-mendivil\\src\\controllers\\machine.controller.ts": {"path":"C:\\SENAV\\MIERCOLES_express\\bc-expressjs-valentina-mendivil\\src\\controllers\\machine.controller.ts","statementMap":{"0":{"start":{"line":2,"column":0},"end":{"line":2,"column":61}},"1":{"start":{"line":3,"column":0},"end":{"line":3,"column":85}},"2":{"start":{"line":5,"column":13},"end":{"line":54,"column":2}},"3":{"start":{"line":7,"column":4},"end":{"line":14,"column":5}},"4":{"start":{"line":8,"column":19},"end":{"line":8,"column":49}},"5":{"start":{"line":9,"column":20},"end":{"line":9,"column":52}},"6":{"start":{"line":10,"column":21},"end":{"line":10,"column":62}},"7":{"start":{"line":11,"column":6},"end":{"line":11,"column":23}},"8":{"start":{"line":13,"column":6},"end":{"line":13,"column":16}},"9":{"start":{"line":18,"column":4},"end":{"line":23,"column":5}},"10":{"start":{"line":19,"column":22},"end":{"line":19,"column":76}},"11":{"start":{"line":20,"column":6},"end":{"line":20,"column":24}},"12":{"start":{"line":22,"column":6},"end":{"line":22,"column":16}},"13":{"start":{"line":27,"column":4},"end":{"line":33,"column":5}},"14":{"start":{"line":28,"column":19},"end":{"line":28,"column":54}},"15":{"start":{"line":29,"column":22},"end":{"line":29,"column":55}},"16":{"start":{"line":30,"column":6},"end":{"line":30,"column":36}},"17":{"start":{"line":32,"column":6},"end":{"line":32,"column":16}},"18":{"start":{"line":37,"column":4},"end":{"line":43,"column":5}},"19":{"start":{"line":38,"column":19},"end":{"line":38,"column":54}},"20":{"start":{"line":39,"column":22},"end":{"line":39,"column":80}},"21":{"start":{"line":40,"column":6},"end":{"line":40,"column":24}},"22":{"start":{"line":42,"column":6},"end":{"line":42,"column":16}},"23":{"start":{"line":47,"column":4},"end":{"line":52,"column":5}},"24":{"start":{"line":48,"column":6},"end":{"line":48,"column":59}},"25":{"start":{"line":49,"column":6},"end":{"line":49,"column":29}},"26":{"start":{"line":51,"column":6},"end":{"line":51,"column":16}}},"fnMap":{"0":{"name":"(anonymous_0)","decl":{"start":{"line":6,"column":2},"end":{"line":6,"column":7}},"loc":{"start":{"line":6,"column":63},"end":{"line":15,"column":3}}},"1":{"name":"(anonymous_1)","decl":{"start":{"line":17,"column":2},"end":{"line":17,"column":7}},"loc":{"start":{"line":17,"column":64},"end":{"line":24,"column":3}}},"2":{"name":"(anonymous_2)","decl":{"start":{"line":26,"column":2},"end":{"line":26,"column":7}},"loc":{"start":{"line":26,"column":62},"end":{"line":34,"column":3}}},"3":{"name":"(anonymous_3)","decl":{"start":{"line":36,"column":2},"end":{"line":36,"column":7}},"loc":{"start":{"line":36,"column":62},"end":{"line":44,"column":3}}},"4":{"name":"(anonymous_4)","decl":{"start":{"line":46,"column":2},"end":{"line":46,"column":7}},"loc":{"start":{"line":46,"column":62},"end":{"line":53,"column":3}}}},"branchMap":{"0":{"loc":{"start":{"line":8,"column":19},"end":{"line":8,"column":49}},"type":"binary-expr","locations":[{"start":{"line":8,"column":19},"end":{"line":8,"column":44}},{"start":{"line":8,"column":48},"end":{"line":8,"column":49}}]},"1":{"loc":{"start":{"line":9,"column":20},"end":{"line":9,"column":52}},"type":"binary-expr","locations":[{"start":{"line":9,"column":20},"end":{"line":9,"column":46}},{"start":{"line":9,"column":50},"end":{"line":9,"column":52}}]}},"s":{"0":3,"1":3,"2":3,"3":1,"4":1,"5":1,"6":1,"7":1,"8":0,"9":2,"10":2,"11":1,"12":1,"13":7,"14":7,"15":6,"16":6,"17":1,"18":1,"19":1,"20":1,"21":1,"22":0,"23":1,"24":1,"25":1,"26":0},"f":{"0":1,"1":2,"2":7,"3":1,"4":1},"b":{"0":[1,1],"1":[1,1]}}
,"C:\\SENAV\\MIERCOLES_express\\bc-expressjs-valentina-mendivil\\src\\controllers\\machineCategory.controller.ts": {"path":"C:\\SENAV\\MIERCOLES_express\\bc-expressjs-valentina-mendivil\\src\\controllers\\machineCategory.controller.ts","statementMap":{"0":{"start":{"line":2,"column":0},"end":{"line":2,"column":77}},"1":{"start":{"line":3,"column":0},"end":{"line":3,"column":109}},"2":{"start":{"line":5,"column":13},"end":{"line":52,"column":2}},"3":{"start":{"line":7,"column":4},"end":{"line":12,"column":5}},"4":{"start":{"line":8,"column":25},"end":{"line":8,"column":63}},"5":{"start":{"line":9,"column":6},"end":{"line":9,"column":27}},"6":{"start":{"line":11,"column":6},"end":{"line":11,"column":16}},"7":{"start":{"line":16,"column":4},"end":{"line":21,"column":5}},"8":{"start":{"line":17,"column":23},"end":{"line":17,"column":85}},"9":{"start":{"line":18,"column":6},"end":{"line":18,"column":25}},"10":{"start":{"line":20,"column":6},"end":{"line":20,"column":16}},"11":{"start":{"line":25,"column":4},"end":{"line":31,"column":5}},"12":{"start":{"line":26,"column":19},"end":{"line":26,"column":62}},"13":{"start":{"line":27,"column":23},"end":{"line":27,"column":64}},"14":{"start":{"line":28,"column":6},"end":{"line":28,"column":37}},"15":{"start":{"line":30,"column":6},"end":{"line":30,"column":16}},"16":{"start":{"line":35,"column":4},"end":{"line":41,"column":5}},"17":{"start":{"line":36,"column":19},"end":{"line":36,"column":62}},"18":{"start":{"line":37,"column":23},"end":{"line":37,"column":89}},"19":{"start":{"line":38,"column":6},"end":{"line":38,"column":25}},"20":{"start":{"line":40,"column":6},"end":{"line":40,"column":16}},"21":{"start":{"line":45,"column":4},"end":{"line":50,"column":5}},"22":{"start":{"line":46,"column":6},"end":{"line":46,"column":67}},"23":{"start":{"line":47,"column":6},"end":{"line":47,"column":29}},"24":{"start":{"line":49,"column":6},"end":{"line":49,"column":16}}},"fnMap":{"0":{"name":"(anonymous_0)","decl":{"start":{"line":6,"column":2},"end":{"line":6,"column":7}},"loc":{"start":{"line":6,"column":64},"end":{"line":13,"column":3}}},"1":{"name":"(anonymous_1)","decl":{"start":{"line":15,"column":2},"end":{"line":15,"column":7}},"loc":{"start":{"line":15,"column":64},"end":{"line":22,"column":3}}},"2":{"name":"(anonymous_2)","decl":{"start":{"line":24,"column":2},"end":{"line":24,"column":7}},"loc":{"start":{"line":24,"column":62},"end":{"line":32,"column":3}}},"3":{"name":"(anonymous_3)","decl":{"start":{"line":34,"column":2},"end":{"line":34,"column":7}},"loc":{"start":{"line":34,"column":62},"end":{"line":42,"column":3}}},"4":{"name":"(anonymous_4)","decl":{"start":{"line":44,"column":2},"end":{"line":44,"column":7}},"loc":{"start":{"line":44,"column":62},"end":{"line":51,"column":3}}}},"branchMap":{},"s":{"0":3,"1":3,"2":3,"3":1,"4":1,"5":1,"6":0,"7":2,"8":2,"9":1,"10":1,"11":7,"12":7,"13":6,"14":6,"15":1,"16":1,"17":1,"18":1,"19":1,"20":0,"21":1,"22":1,"23":1,"24":0},"f":{"0":1,"1":2,"2":7,"3":1,"4":1},"b":{}}
,"C:\\SENAV\\MIERCOLES_express\\bc-expressjs-valentina-mendivil\\src\\errors\\AppError.ts": {"path":"C:\\SENAV\\MIERCOLES_express\\bc-expressjs-valentina-mendivil\\src\\errors\\AppError.ts","statementMap":{"0":{"start":{"line":5,"column":4},"end":{"line":5,"column":19}},"1":{"start":{"line":6,"column":4},"end":{"line":6,"column":33}},"2":{"start":{"line":7,"column":4},"end":{"line":7,"column":27}},"3":{"start":{"line":8,"column":4},"end":{"line":8,"column":54}},"4":{"start":{"line":1,"column":0},"end":{"line":1,"column":13}}},"fnMap":{"0":{"name":"(anonymous_0)","decl":{"start":{"line":4,"column":2},"end":{"line":4,"column":14}},"loc":{"start":{"line":4,"column":49},"end":{"line":9,"column":3}}}},"branchMap":{},"s":{"0":32,"1":32,"2":32,"3":32,"4":7},"f":{"0":32},"b":{}}
,"C:\\SENAV\\MIERCOLES_express\\bc-expressjs-valentina-mendivil\\src\\middlewares\\auth.middleware.ts": {"path":"C:\\SENAV\\MIERCOLES_express\\bc-expressjs-valentina-mendivil\\src\\middlewares\\auth.middleware.ts","statementMap":{"0":{"start":{"line":5,"column":0},"end":{"line":5,"column":16}},"1":{"start":{"line":2,"column":0},"end":{"line":2,"column":49}},"2":{"start":{"line":3,"column":0},"end":{"line":3,"column":46}},"3":{"start":{"line":6,"column":16},"end":{"line":6,"column":62}},"4":{"start":{"line":8,"column":2},"end":{"line":10,"column":3}},"5":{"start":{"line":9,"column":4},"end":{"line":9,"column":75}},"6":{"start":{"line":12,"column":2},"end":{"line":18,"column":3}},"7":{"start":{"line":13,"column":20},"end":{"line":13,"column":44}},"8":{"start":{"line":14,"column":4},"end":{"line":14,"column":23}},"9":{"start":{"line":15,"column":4},"end":{"line":15,"column":11}},"10":{"start":{"line":17,"column":4},"end":{"line":17,"column":57}}},"fnMap":{"0":{"name":"authMiddleware","decl":{"start":{"line":5,"column":16},"end":{"line":5,"column":30}},"loc":{"start":{"line":5,"column":78},"end":{"line":19,"column":1}}}},"branchMap":{"0":{"loc":{"start":{"line":8,"column":2},"end":{"line":10,"column":3}},"type":"if","locations":[{"start":{"line":8,"column":2},"end":{"line":10,"column":3}}]}},"s":{"0":3,"1":3,"2":3,"3":34,"4":34,"5":2,"6":32,"7":32,"8":32,"9":32,"10":0},"f":{"0":34},"b":{"0":[2]}}
,"C:\\SENAV\\MIERCOLES_express\\bc-expressjs-valentina-mendivil\\src\\middlewares\\errorHandler.ts": {"path":"C:\\SENAV\\MIERCOLES_express\\bc-expressjs-valentina-mendivil\\src\\middlewares\\errorHandler.ts","statementMap":{"0":{"start":{"line":5,"column":0},"end":{"line":5,"column":16}},"1":{"start":{"line":2,"column":0},"end":{"line":2,"column":31}},"2":{"start":{"line":3,"column":0},"end":{"line":3,"column":46}},"3":{"start":{"line":11,"column":2},"end":{"line":20,"column":3}},"4":{"start":{"line":12,"column":4},"end":{"line":18,"column":7}},"5":{"start":{"line":14,"column":41},"end":{"line":17,"column":8}},"6":{"start":{"line":19,"column":4},"end":{"line":19,"column":11}},"7":{"start":{"line":22,"column":2},"end":{"line":25,"column":3}},"8":{"start":{"line":23,"column":4},"end":{"line":23,"column":62}},"9":{"start":{"line":24,"column":4},"end":{"line":24,"column":11}},"10":{"start":{"line":27,"column":2},"end":{"line":27,"column":21}},"11":{"start":{"line":28,"column":2},"end":{"line":28,"column":61}}},"fnMap":{"0":{"name":"errorHandler","decl":{"start":{"line":5,"column":16},"end":{"line":5,"column":28}},"loc":{"start":{"line":9,"column":21},"end":{"line":29,"column":1}}},"1":{"name":"(anonymous_1)","decl":{"start":{"line":14,"column":29},"end":{"line":14,"column":30}},"loc":{"start":{"line":14,"column":41},"end":{"line":17,"column":8}}}},"branchMap":{"0":{"loc":{"start":{"line":11,"column":2},"end":{"line":20,"column":3}},"type":"if","locations":[{"start":{"line":11,"column":2},"end":{"line":20,"column":3}}]},"1":{"loc":{"start":{"line":22,"column":2},"end":{"line":25,"column":3}},"type":"if","locations":[{"start":{"line":22,"column":2},"end":{"line":25,"column":3}}]}},"s":{"0":3,"1":3,"2":3,"3":15,"4":3,"5":9,"6":3,"7":12,"8":12,"9":12,"10":0,"11":0},"f":{"0":15,"1":9},"b":{"0":[3],"1":[12]}}
,"C:\\SENAV\\MIERCOLES_express\\bc-expressjs-valentina-mendivil\\src\\middlewares\\notFound.ts": {"path":"C:\\SENAV\\MIERCOLES_express\\bc-expressjs-valentina-mendivil\\src\\middlewares\\notFound.ts","statementMap":{"0":{"start":{"line":3,"column":0},"end":{"line":3,"column":16}},"1":{"start":{"line":4,"column":2},"end":{"line":4,"column":81}}},"fnMap":{"0":{"name":"notFound","decl":{"start":{"line":3,"column":16},"end":{"line":3,"column":24}},"loc":{"start":{"line":3,"column":52},"end":{"line":5,"column":1}}}},"branchMap":{},"s":{"0":3,"1":0},"f":{"0":0},"b":{}}
,"C:\\SENAV\\MIERCOLES_express\\bc-expressjs-valentina-mendivil\\src\\middlewares\\requireRole.ts": {"path":"C:\\SENAV\\MIERCOLES_express\\bc-expressjs-valentina-mendivil\\src\\middlewares\\requireRole.ts","statementMap":{"0":{"start":{"line":5,"column":0},"end":{"line":5,"column":16}},"1":{"start":{"line":2,"column":0},"end":{"line":2,"column":46}},"2":{"start":{"line":6,"column":2},"end":{"line":18,"column":4}},"3":{"start":{"line":7,"column":4},"end":{"line":9,"column":5}},"4":{"start":{"line":8,"column":6},"end":{"line":8,"column":64}},"5":{"start":{"line":11,"column":4},"end":{"line":15,"column":5}},"6":{"start":{"line":12,"column":6},"end":{"line":14,"column":8}},"7":{"start":{"line":17,"column":4},"end":{"line":17,"column":11}}},"fnMap":{"0":{"name":"requireRole","decl":{"start":{"line":5,"column":16},"end":{"line":5,"column":27}},"loc":{"start":{"line":5,"column":46},"end":{"line":19,"column":1}}},"1":{"name":"(anonymous_1)","decl":{"start":{"line":6,"column":9},"end":{"line":6,"column":10}},"loc":{"start":{"line":6,"column":68},"end":{"line":18,"column":3}}}},"branchMap":{"0":{"loc":{"start":{"line":7,"column":4},"end":{"line":9,"column":5}},"type":"if","locations":[{"start":{"line":7,"column":4},"end":{"line":9,"column":5}}]},"1":{"loc":{"start":{"line":11,"column":4},"end":{"line":15,"column":5}},"type":"if","locations":[{"start":{"line":11,"column":4},"end":{"line":15,"column":5}}]}},"s":{"0":3,"1":3,"2":18,"3":24,"4":0,"5":24,"6":6,"7":18},"f":{"0":18,"1":24},"b":{"0":[0],"1":[6]}}
,"C:\\SENAV\\MIERCOLES_express\\bc-expressjs-valentina-mendivil\\src\\middlewares\\sanitize.middleware.ts": {"path":"C:\\SENAV\\MIERCOLES_express\\bc-expressjs-valentina-mendivil\\src\\middlewares\\sanitize.middleware.ts","statementMap":{"0":{"start":{"line":19,"column":0},"end":{"line":19,"column":16}},"1":{"start":{"line":4,"column":2},"end":{"line":6,"column":3}},"2":{"start":{"line":5,"column":4},"end":{"line":5,"column":36}},"3":{"start":{"line":7,"column":2},"end":{"line":15,"column":3}},"4":{"start":{"line":8,"column":43},"end":{"line":8,"column":45}},"5":{"start":{"line":9,"column":4},"end":{"line":13,"column":5}},"6":{"start":{"line":11,"column":6},"end":{"line":11,"column":61}},"7":{"start":{"line":11,"column":52},"end":{"line":11,"column":61}},"8":{"start":{"line":12,"column":6},"end":{"line":12,"column":38}},"9":{"start":{"line":14,"column":4},"end":{"line":14,"column":17}},"10":{"start":{"line":16,"column":2},"end":{"line":16,"column":15}},"11":{"start":{"line":20,"column":2},"end":{"line":22,"column":3}},"12":{"start":{"line":21,"column":4},"end":{"line":21,"column":39}},"13":{"start":{"line":24,"column":2},"end":{"line":26,"column":3}},"14":{"start":{"line":25,"column":4},"end":{"line":25,"column":64}},"15":{"start":{"line":30,"column":2},"end":{"line":36,"column":3}},"16":{"start":{"line":31,"column":27},"end":{"line":31,"column":78}},"17":{"start":{"line":32,"column":4},"end":{"line":34,"column":5}},"18":{"start":{"line":33,"column":6},"end":{"line":33,"column":57}},"19":{"start":{"line":35,"column":4},"end":{"line":35,"column":45}},"20":{"start":{"line":38,"column":2},"end":{"line":38,"column":9}}},"fnMap":{"0":{"name":"sanitizeValue","decl":{"start":{"line":3,"column":9},"end":{"line":3,"column":22}},"loc":{"start":{"line":3,"column":37},"end":{"line":17,"column":1}}},"1":{"name":"sanitizeInputs","decl":{"start":{"line":19,"column":16},"end":{"line":19,"column":30}},"loc":{"start":{"line":19,"column":79},"end":{"line":39,"column":1}}}},"branchMap":{"0":{"loc":{"start":{"line":4,"column":2},"end":{"line":6,"column":3}},"type":"if","locations":[{"start":{"line":4,"column":2},"end":{"line":6,"column":3}}]},"1":{"loc":{"start":{"line":7,"column":2},"end":{"line":15,"column":3}},"type":"if","locations":[{"start":{"line":7,"column":2},"end":{"line":15,"column":3}}]},"2":{"loc":{"start":{"line":7,"column":6},"end":{"line":7,"column":49}},"type":"binary-expr","locations":[{"start":{"line":7,"column":6},"end":{"line":7,"column":20}},{"start":{"line":7,"column":24},"end":{"line":7,"column":49}}]},"3":{"loc":{"start":{"line":11,"column":6},"end":{"line":11,"column":61}},"type":"if","locations":[{"start":{"line":11,"column":6},"end":{"line":11,"column":61}}]},"4":{"loc":{"start":{"line":11,"column":10},"end":{"line":11,"column":50}},"type":"binary-expr","locations":[{"start":{"line":11,"column":10},"end":{"line":11,"column":29}},{"start":{"line":11,"column":33},"end":{"line":11,"column":50}}]},"5":{"loc":{"start":{"line":20,"column":2},"end":{"line":22,"column":3}},"type":"if","locations":[{"start":{"line":20,"column":2},"end":{"line":22,"column":3}}]},"6":{"loc":{"start":{"line":24,"column":2},"end":{"line":26,"column":3}},"type":"if","locations":[{"start":{"line":24,"column":2},"end":{"line":26,"column":3}}]},"7":{"loc":{"start":{"line":30,"column":2},"end":{"line":36,"column":3}},"type":"if","locations":[{"start":{"line":30,"column":2},"end":{"line":36,"column":3}}]}},"s":{"0":3,"1":196,"2":0,"3":196,"4":126,"5":126,"6":70,"7":0,"8":70,"9":126,"10":70,"11":47,"12":32,"13":47,"14":47,"15":47,"16":47,"17":47,"18":0,"19":47,"20":47},"f":{"0":196,"1":47},"b":{"0":[0],"1":[126],"2":[196,196],"3":[0],"4":[70,70],"5":[32],"6":[47],"7":[47]}}
,"C:\\SENAV\\MIERCOLES_express\\bc-expressjs-valentina-mendivil\\src\\models\\machine.model.ts": {"path":"C:\\SENAV\\MIERCOLES_express\\bc-expressjs-valentina-mendivil\\src\\models\\machine.model.ts","statementMap":{"0":{"start":{"line":1,"column":0},"end":{"line":1,"column":58}},"1":{"start":{"line":13,"column":22},"end":{"line":43,"column":null}},"2":{"start":{"line":46,"column":13},"end":{"line":46,"column":65}}},"fnMap":{},"branchMap":{},"s":{"0":4,"1":4,"2":4},"f":{},"b":{}}
,"C:\\SENAV\\MIERCOLES_express\\bc-expressjs-valentina-mendivil\\src\\models\\machineCategory.model.ts": {"path":"C:\\SENAV\\MIERCOLES_express\\bc-expressjs-valentina-mendivil\\src\\models\\machineCategory.model.ts","statementMap":{"0":{"start":{"line":1,"column":0},"end":{"line":1,"column":51}},"1":{"start":{"line":10,"column":30},"end":{"line":26,"column":null}},"2":{"start":{"line":29,"column":13},"end":{"line":32,"column":2}}},"fnMap":{},"branchMap":{},"s":{"0":5,"1":5,"2":5},"f":{},"b":{}}
,"C:\\SENAV\\MIERCOLES_express\\bc-expressjs-valentina-mendivil\\src\\models\\user.model.ts": {"path":"C:\\SENAV\\MIERCOLES_express\\bc-expressjs-valentina-mendivil\\src\\models\\user.model.ts","statementMap":{"0":{"start":{"line":1,"column":0},"end":{"line":1,"column":54}},"1":{"start":{"line":13,"column":19},"end":{"line":42,"column":null}},"2":{"start":{"line":45,"column":13},"end":{"line":45,"column":67}}},"fnMap":{},"branchMap":{},"s":{"0":4,"1":4,"2":4},"f":{},"b":{}}
,"C:\\SENAV\\MIERCOLES_express\\bc-expressjs-valentina-mendivil\\src\\repositories\\machine.repository.ts": {"path":"C:\\SENAV\\MIERCOLES_express\\bc-expressjs-valentina-mendivil\\src\\repositories\\machine.repository.ts","statementMap":{"0":{"start":{"line":1,"column":0},"end":{"line":1,"column":60}},"1":{"start":{"line":11,"column":13},"end":{"line":43,"column":2}},"2":{"start":{"line":13,"column":17},"end":{"line":13,"column":35}},"3":{"start":{"line":15,"column":26},"end":{"line":18,"column":6}},"4":{"start":{"line":20,"column":4},"end":{"line":25,"column":6}},"5":{"start":{"line":29,"column":4},"end":{"line":29,"column":60}},"6":{"start":{"line":33,"column":4},"end":{"line":33,"column":32}},"7":{"start":{"line":37,"column":4},"end":{"line":37,"column":90}},"8":{"start":{"line":41,"column":4},"end":{"line":41,"column":48}}},"fnMap":{"0":{"name":"(anonymous_0)","decl":{"start":{"line":12,"column":2},"end":{"line":12,"column":7}},"loc":{"start":{"line":12,"column":43},"end":{"line":26,"column":3}}},"1":{"name":"(anonymous_1)","decl":{"start":{"line":28,"column":2},"end":{"line":28,"column":7}},"loc":{"start":{"line":28,"column":27},"end":{"line":30,"column":3}}},"2":{"name":"(anonymous_2)","decl":{"start":{"line":32,"column":2},"end":{"line":32,"column":7}},"loc":{"start":{"line":32,"column":39},"end":{"line":34,"column":3}}},"3":{"name":"(anonymous_3)","decl":{"start":{"line":36,"column":2},"end":{"line":36,"column":7}},"loc":{"start":{"line":36,"column":51},"end":{"line":38,"column":3}}},"4":{"name":"(anonymous_4)","decl":{"start":{"line":40,"column":2},"end":{"line":40,"column":7}},"loc":{"start":{"line":40,"column":25},"end":{"line":42,"column":3}}}},"branchMap":{},"s":{"0":4,"1":4,"2":1,"3":1,"4":1,"5":2,"6":6,"7":1,"8":1},"f":{"0":1,"1":2,"2":6,"3":1,"4":1},"b":{}}
,"C:\\SENAV\\MIERCOLES_express\\bc-expressjs-valentina-mendivil\\src\\repositories\\machineCategory.repository.ts": {"path":"C:\\SENAV\\MIERCOLES_express\\bc-expressjs-valentina-mendivil\\src\\repositories\\machineCategory.repository.ts","statementMap":{"0":{"start":{"line":1,"column":0},"end":{"line":1,"column":84}},"1":{"start":{"line":4,"column":13},"end":{"line":24,"column":2}},"2":{"start":{"line":6,"column":4},"end":{"line":6,"column":41}},"3":{"start":{"line":10,"column":4},"end":{"line":10,"column":47}},"4":{"start":{"line":14,"column":4},"end":{"line":14,"column":40}},"5":{"start":{"line":18,"column":4},"end":{"line":18,"column":77}},"6":{"start":{"line":22,"column":4},"end":{"line":22,"column":56}}},"fnMap":{"0":{"name":"(anonymous_0)","decl":{"start":{"line":5,"column":2},"end":{"line":5,"column":7}},"loc":{"start":{"line":5,"column":15},"end":{"line":7,"column":3}}},"1":{"name":"(anonymous_1)","decl":{"start":{"line":9,"column":2},"end":{"line":9,"column":7}},"loc":{"start":{"line":9,"column":27},"end":{"line":11,"column":3}}},"2":{"name":"(anonymous_2)","decl":{"start":{"line":13,"column":2},"end":{"line":13,"column":7}},"loc":{"start":{"line":13,"column":47},"end":{"line":15,"column":3}}},"3":{"name":"(anonymous_3)","decl":{"start":{"line":17,"column":2},"end":{"line":17,"column":7}},"loc":{"start":{"line":17,"column":59},"end":{"line":19,"column":3}}},"4":{"name":"(anonymous_4)","decl":{"start":{"line":21,"column":2},"end":{"line":21,"column":7}},"loc":{"start":{"line":21,"column":25},"end":{"line":23,"column":3}}}},"branchMap":{},"s":{"0":5,"1":5,"2":1,"3":8,"4":6,"5":1,"6":1},"f":{"0":1,"1":8,"2":6,"3":1,"4":1},"b":{}}
,"C:\\SENAV\\MIERCOLES_express\\bc-expressjs-valentina-mendivil\\src\\repositories\\users.repository.ts": {"path":"C:\\SENAV\\MIERCOLES_express\\bc-expressjs-valentina-mendivil\\src\\repositories\\users.repository.ts","statementMap":{"0":{"start":{"line":4,"column":0},"end":{"line":4,"column":7}},"1":{"start":{"line":8,"column":0},"end":{"line":8,"column":7}},"2":{"start":{"line":13,"column":0},"end":{"line":13,"column":7}},"3":{"start":{"line":17,"column":0},"end":{"line":17,"column":7}},"4":{"start":{"line":21,"column":0},"end":{"line":21,"column":7}},"5":{"start":{"line":25,"column":0},"end":{"line":25,"column":7}},"6":{"start":{"line":1,"column":0},"end":{"line":1,"column":56}},"7":{"start":{"line":5,"column":2},"end":{"line":5,"column":38}},"8":{"start":{"line":10,"column":2},"end":{"line":10,"column":58}},"9":{"start":{"line":14,"column":2},"end":{"line":14,"column":66}},"10":{"start":{"line":18,"column":2},"end":{"line":18,"column":32}},"11":{"start":{"line":22,"column":2},"end":{"line":22,"column":31}},"12":{"start":{"line":29,"column":2},"end":{"line":29,"column":79}}},"fnMap":{"0":{"name":"findByEmail","decl":{"start":{"line":4,"column":22},"end":{"line":4,"column":33}},"loc":{"start":{"line":4,"column":47},"end":{"line":6,"column":1}}},"1":{"name":"findByEmailWithPassword","decl":{"start":{"line":8,"column":22},"end":{"line":8,"column":45}},"loc":{"start":{"line":8,"column":59},"end":{"line":11,"column":1}}},"2":{"name":"findByIdWithTokens","decl":{"start":{"line":13,"column":22},"end":{"line":13,"column":40}},"loc":{"start":{"line":13,"column":51},"end":{"line":15,"column":1}}},"3":{"name":"findById","decl":{"start":{"line":17,"column":22},"end":{"line":17,"column":30}},"loc":{"start":{"line":17,"column":41},"end":{"line":19,"column":1}}},"4":{"name":"create","decl":{"start":{"line":21,"column":22},"end":{"line":21,"column":28}},"loc":{"start":{"line":21,"column":45},"end":{"line":23,"column":1}}},"5":{"name":"updateRefreshToken","decl":{"start":{"line":25,"column":22},"end":{"line":25,"column":40}},"loc":{"start":{"line":27,"column":33},"end":{"line":30,"column":1}}}},"branchMap":{"0":{"loc":{"start":{"line":29,"column":56},"end":{"line":29,"column":75}},"type":"binary-expr","locations":[{"start":{"line":29,"column":56},"end":{"line":29,"column":67}},{"start":{"line":29,"column":71},"end":{"line":29,"column":75}}]}},"s":{"0":4,"1":4,"2":4,"3":4,"4":4,"5":4,"6":4,"7":4,"8":6,"9":1,"10":1,"11":3,"12":7},"f":{"0":4,"1":6,"2":1,"3":1,"4":3,"5":7},"b":{"0":[7,1]}}
,"C:\\SENAV\\MIERCOLES_express\\bc-expressjs-valentina-mendivil\\src\\routes\\auth.routes.ts": {"path":"C:\\SENAV\\MIERCOLES_express\\bc-expressjs-valentina-mendivil\\src\\routes\\auth.routes.ts","statementMap":{"0":{"start":{"line":1,"column":0},"end":{"line":1,"column":33}},"1":{"start":{"line":2,"column":0},"end":{"line":2,"column":65}},"2":{"start":{"line":3,"column":0},"end":{"line":3,"column":64}},"3":{"start":{"line":4,"column":0},"end":{"line":4,"column":49}},"4":{"start":{"line":6,"column":15},"end":{"line":6,"column":23}},"5":{"start":{"line":8,"column":0},"end":{"line":8,"column":63}},"6":{"start":{"line":9,"column":0},"end":{"line":9,"column":57}},"7":{"start":{"line":10,"column":0},"end":{"line":10,"column":48}},"8":{"start":{"line":12,"column":0},"end":{"line":12,"column":53}},"9":{"start":{"line":13,"column":0},"end":{"line":13,"column":62}},"10":{"start":{"line":15,"column":0},"end":{"line":15,"column":22}}},"fnMap":{},"branchMap":{},"s":{"0":3,"1":3,"2":3,"3":3,"4":3,"5":3,"6":3,"7":3,"8":3,"9":3,"10":3},"f":{},"b":{}}
,"C:\\SENAV\\MIERCOLES_express\\bc-expressjs-valentina-mendivil\\src\\routes\\machine.routes.ts": {"path":"C:\\SENAV\\MIERCOLES_express\\bc-expressjs-valentina-mendivil\\src\\routes\\machine.routes.ts","statementMap":{"0":{"start":{"line":1,"column":0},"end":{"line":1,"column":33}},"1":{"start":{"line":2,"column":0},"end":{"line":2,"column":70}},"2":{"start":{"line":3,"column":0},"end":{"line":3,"column":64}},"3":{"start":{"line":4,"column":0},"end":{"line":4,"column":57}},"4":{"start":{"line":6,"column":15},"end":{"line":6,"column":23}},"5":{"start":{"line":8,"column":0},"end":{"line":8,"column":27}},"6":{"start":{"line":10,"column":0},"end":{"line":10,"column":43}},"7":{"start":{"line":11,"column":0},"end":{"line":11,"column":47}},"8":{"start":{"line":12,"column":0},"end":{"line":12,"column":65}},"9":{"start":{"line":13,"column":0},"end":{"line":13,"column":67}},"10":{"start":{"line":14,"column":0},"end":{"line":14,"column":70}},"11":{"start":{"line":16,"column":0},"end":{"line":16,"column":22}}},"fnMap":{},"branchMap":{},"s":{"0":3,"1":3,"2":3,"3":3,"4":3,"5":3,"6":3,"7":3,"8":3,"9":3,"10":3,"11":3},"f":{},"b":{}}
,"C:\\SENAV\\MIERCOLES_express\\bc-expressjs-valentina-mendivil\\src\\routes\\machineCategory.routes.ts": {"path":"C:\\SENAV\\MIERCOLES_express\\bc-expressjs-valentina-mendivil\\src\\routes\\machineCategory.routes.ts","statementMap":{"0":{"start":{"line":1,"column":0},"end":{"line":1,"column":33}},"1":{"start":{"line":2,"column":0},"end":{"line":2,"column":86}},"2":{"start":{"line":3,"column":0},"end":{"line":3,"column":64}},"3":{"start":{"line":4,"column":0},"end":{"line":4,"column":57}},"4":{"start":{"line":6,"column":15},"end":{"line":6,"column":23}},"5":{"start":{"line":8,"column":0},"end":{"line":8,"column":27}},"6":{"start":{"line":10,"column":0},"end":{"line":10,"column":51}},"7":{"start":{"line":11,"column":0},"end":{"line":11,"column":55}},"8":{"start":{"line":12,"column":0},"end":{"line":12,"column":73}},"9":{"start":{"line":13,"column":0},"end":{"line":13,"column":75}},"10":{"start":{"line":14,"column":0},"end":{"line":14,"column":78}},"11":{"start":{"line":16,"column":0},"end":{"line":16,"column":22}}},"fnMap":{},"branchMap":{},"s":{"0":3,"1":3,"2":3,"3":3,"4":3,"5":3,"6":3,"7":3,"8":3,"9":3,"10":3,"11":3},"f":{},"b":{}}
,"C:\\SENAV\\MIERCOLES_express\\bc-expressjs-valentina-mendivil\\src\\schemas\\auth.schema.ts": {"path":"C:\\SENAV\\MIERCOLES_express\\bc-expressjs-valentina-mendivil\\src\\schemas\\auth.schema.ts","statementMap":{"0":{"start":{"line":1,"column":0},"end":{"line":1,"column":24}},"1":{"start":{"line":3,"column":13},"end":{"line":11,"column":3}},"2":{"start":{"line":13,"column":13},"end":{"line":16,"column":3}}},"fnMap":{},"branchMap":{},"s":{"0":3,"1":3,"2":3},"f":{},"b":{}}
,"C:\\SENAV\\MIERCOLES_express\\bc-expressjs-valentina-mendivil\\src\\schemas\\machine.schema.ts": {"path":"C:\\SENAV\\MIERCOLES_express\\bc-expressjs-valentina-mendivil\\src\\schemas\\machine.schema.ts","statementMap":{"0":{"start":{"line":1,"column":0},"end":{"line":1,"column":24}},"1":{"start":{"line":3,"column":22},"end":{"line":3,"column":41}},"2":{"start":{"line":5,"column":13},"end":{"line":11,"column":3}},"3":{"start":{"line":13,"column":13},"end":{"line":13,"column":65}}},"fnMap":{},"branchMap":{},"s":{"0":3,"1":3,"2":3,"3":3},"f":{},"b":{}}
,"C:\\SENAV\\MIERCOLES_express\\bc-expressjs-valentina-mendivil\\src\\schemas\\machineCategory.schema.ts": {"path":"C:\\SENAV\\MIERCOLES_express\\bc-expressjs-valentina-mendivil\\src\\schemas\\machineCategory.schema.ts","statementMap":{"0":{"start":{"line":1,"column":0},"end":{"line":1,"column":24}},"1":{"start":{"line":3,"column":13},"end":{"line":6,"column":3}},"2":{"start":{"line":8,"column":13},"end":{"line":8,"column":81}}},"fnMap":{},"branchMap":{},"s":{"0":3,"1":3,"2":3},"f":{},"b":{}}
,"C:\\SENAV\\MIERCOLES_express\\bc-expressjs-valentina-mendivil\\src\\services\\auth.service.ts": {"path":"C:\\SENAV\\MIERCOLES_express\\bc-expressjs-valentina-mendivil\\src\\services\\auth.service.ts","statementMap":{"0":{"start":{"line":19,"column":0},"end":{"line":19,"column":7}},"1":{"start":{"line":27,"column":0},"end":{"line":27,"column":7}},"2":{"start":{"line":53,"column":0},"end":{"line":53,"column":7}},"3":{"start":{"line":89,"column":0},"end":{"line":89,"column":7}},"4":{"start":{"line":94,"column":0},"end":{"line":94,"column":7}},"5":{"start":{"line":1,"column":0},"end":{"line":1,"column":28}},"6":{"start":{"line":2,"column":0},"end":{"line":2,"column":46}},"7":{"start":{"line":3,"column":0},"end":{"line":3,"column":68}},"8":{"start":{"line":4,"column":0},"end":{"line":4,"column":85}},"9":{"start":{"line":8,"column":20},"end":{"line":8,"column":22}},"10":{"start":{"line":9,"column":30},"end":{"line":9,"column":44}},"11":{"start":{"line":10,"column":31},"end":{"line":10,"column":54}},"12":{"start":{"line":20,"column":19},"end":{"line":20,"column":63}},"13":{"start":{"line":21,"column":2},"end":{"line":21,"column":71}},"14":{"start":{"line":21,"column":16},"end":{"line":21,"column":71}},"15":{"start":{"line":23,"column":25},"end":{"line":23,"column":69}},"16":{"start":{"line":24,"column":2},"end":{"line":24,"column":70}},"17":{"start":{"line":28,"column":15},"end":{"line":28,"column":71}},"18":{"start":{"line":32,"column":2},"end":{"line":32,"column":63}},"19":{"start":{"line":32,"column":13},"end":{"line":32,"column":63}},"20":{"start":{"line":34,"column":18},"end":{"line":34,"column":67}},"21":{"start":{"line":35,"column":2},"end":{"line":35,"column":66}},"22":{"start":{"line":35,"column":16},"end":{"line":35,"column":66}},"23":{"start":{"line":37,"column":18},"end":{"line":37,"column":82}},"24":{"start":{"line":38,"column":22},"end":{"line":38,"column":46}},"25":{"start":{"line":39,"column":23},"end":{"line":39,"column":69}},"26":{"start":{"line":42,"column":24},"end":{"line":42,"column":68}},"27":{"start":{"line":43,"column":2},"end":{"line":43,"column":79}},"28":{"start":{"line":45,"column":2},"end":{"line":50,"column":4}},"29":{"start":{"line":56,"column":2},"end":{"line":60,"column":3}},"30":{"start":{"line":57,"column":4},"end":{"line":57,"column":67}},"31":{"start":{"line":59,"column":4},"end":{"line":59,"column":65}},"32":{"start":{"line":63,"column":15},"end":{"line":63,"column":68}},"33":{"start":{"line":64,"column":2},"end":{"line":66,"column":3}},"34":{"start":{"line":65,"column":4},"end":{"line":65,"column":48}},"35":{"start":{"line":69,"column":18},"end":{"line":69,"column":72}},"36":{"start":{"line":70,"column":2},"end":{"line":70,"column":69}},"37":{"start":{"line":70,"column":16},"end":{"line":70,"column":69}},"38":{"start":{"line":73,"column":21},"end":{"line":73,"column":85}},"39":{"start":{"line":74,"column":25},"end":{"line":74,"column":52}},"40":{"start":{"line":75,"column":26},"end":{"line":75,"column":72}},"41":{"start":{"line":78,"column":27},"end":{"line":78,"column":74}},"42":{"start":{"line":79,"column":2},"end":{"line":79,"column":82}},"43":{"start":{"line":81,"column":2},"end":{"line":86,"column":4}},"44":{"start":{"line":91,"column":2},"end":{"line":91,"column":62}},"45":{"start":{"line":95,"column":15},"end":{"line":95,"column":53}},"46":{"start":{"line":96,"column":2},"end":{"line":96,"column":62}},"47":{"start":{"line":96,"column":13},"end":{"line":96,"column":62}},"48":{"start":{"line":97,"column":2},"end":{"line":97,"column":14}}},"fnMap":{"0":{"name":"register","decl":{"start":{"line":19,"column":22},"end":{"line":19,"column":30}},"loc":{"start":{"line":19,"column":47},"end":{"line":25,"column":1}}},"1":{"name":"login","decl":{"start":{"line":27,"column":22},"end":{"line":27,"column":27}},"loc":{"start":{"line":27,"column":41},"end":{"line":51,"column":1}}},"2":{"name":"refresh","decl":{"start":{"line":53,"column":22},"end":{"line":53,"column":29}},"loc":{"start":{"line":53,"column":51},"end":{"line":87,"column":1}}},"3":{"name":"logout","decl":{"start":{"line":89,"column":22},"end":{"line":89,"column":28}},"loc":{"start":{"line":89,"column":43},"end":{"line":92,"column":1}}},"4":{"name":"getMe","decl":{"start":{"line":94,"column":22},"end":{"line":94,"column":27}},"loc":{"start":{"line":94,"column":42},"end":{"line":98,"column":1}}}},"branchMap":{"0":{"loc":{"start":{"line":21,"column":2},"end":{"line":21,"column":71}},"type":"if","locations":[{"start":{"line":21,"column":2},"end":{"line":21,"column":71}}]},"1":{"loc":{"start":{"line":32,"column":2},"end":{"line":32,"column":63}},"type":"if","locations":[{"start":{"line":32,"column":2},"end":{"line":32,"column":63}}]},"2":{"loc":{"start":{"line":35,"column":2},"end":{"line":35,"column":66}},"type":"if","locations":[{"start":{"line":35,"column":2},"end":{"line":35,"column":66}}]},"3":{"loc":{"start":{"line":64,"column":2},"end":{"line":66,"column":3}},"type":"if","locations":[{"start":{"line":64,"column":2},"end":{"line":66,"column":3}}]},"4":{"loc":{"start":{"line":64,"column":6},"end":{"line":64,"column":33}},"type":"binary-expr","locations":[{"start":{"line":64,"column":6},"end":{"line":64,"column":11}},{"start":{"line":64,"column":15},"end":{"line":64,"column":33}}]},"5":{"loc":{"start":{"line":70,"column":2},"end":{"line":70,"column":69}},"type":"if","locations":[{"start":{"line":70,"column":2},"end":{"line":70,"column":69}}]},"6":{"loc":{"start":{"line":96,"column":2},"end":{"line":96,"column":62}},"type":"if","locations":[{"start":{"line":96,"column":2},"end":{"line":96,"column":62}}]}},"s":{"0":4,"1":4,"2":4,"3":4,"4":4,"5":4,"6":4,"7":4,"8":4,"9":4,"10":4,"11":4,"12":6,"13":6,"14":2,"15":4,"16":4,"17":9,"18":9,"19":1,"20":8,"21":8,"22":2,"23":6,"24":6,"25":6,"26":6,"27":6,"28":6,"29":5,"30":5,"31":1,"32":4,"33":4,"34":1,"35":3,"36":3,"37":1,"38":2,"39":2,"40":2,"41":2,"42":2,"43":2,"44":2,"45":3,"46":3,"47":1,"48":2},"f":{"0":6,"1":9,"2":5,"3":2,"4":3},"b":{"0":[2],"1":[1],"2":[2],"3":[1],"4":[4,4],"5":[1],"6":[1]}}
,"C:\\SENAV\\MIERCOLES_express\\bc-expressjs-valentina-mendivil\\src\\services\\machine.service.ts": {"path":"C:\\SENAV\\MIERCOLES_express\\bc-expressjs-valentina-mendivil\\src\\services\\machine.service.ts","statementMap":{"0":{"start":{"line":1,"column":0},"end":{"line":1,"column":71}},"1":{"start":{"line":2,"column":0},"end":{"line":2,"column":87}},"2":{"start":{"line":4,"column":0},"end":{"line":4,"column":46}},"3":{"start":{"line":8,"column":16},"end":{"line":8,"column":55}},"4":{"start":{"line":10,"column":2},"end":{"line":12,"column":3}},"5":{"start":{"line":11,"column":4},"end":{"line":11,"column":73}},"6":{"start":{"line":13,"column":2},"end":{"line":15,"column":3}},"7":{"start":{"line":14,"column":4},"end":{"line":14,"column":43}},"8":{"start":{"line":16,"column":2},"end":{"line":16,"column":21}},"9":{"start":{"line":26,"column":13},"end":{"line":78,"column":2}},"10":{"start":{"line":28,"column":4},"end":{"line":28,"column":50}},"11":{"start":{"line":32,"column":4},"end":{"line":39,"column":5}},"12":{"start":{"line":33,"column":22},"end":{"line":33,"column":58}},"13":{"start":{"line":34,"column":6},"end":{"line":34,"column":69}},"14":{"start":{"line":34,"column":20},"end":{"line":34,"column":69}},"15":{"start":{"line":35,"column":6},"end":{"line":35,"column":21}},"16":{"start":{"line":37,"column":6},"end":{"line":37,"column":45}},"17":{"start":{"line":37,"column":35},"end":{"line":37,"column":45}},"18":{"start":{"line":38,"column":6},"end":{"line":38,"column":31}},"19":{"start":{"line":43,"column":21},"end":{"line":43,"column":76}},"20":{"start":{"line":44,"column":4},"end":{"line":44,"column":78}},"21":{"start":{"line":44,"column":19},"end":{"line":44,"column":78}},"22":{"start":{"line":46,"column":4},"end":{"line":50,"column":5}},"23":{"start":{"line":47,"column":6},"end":{"line":47,"column":50}},"24":{"start":{"line":49,"column":6},"end":{"line":49,"column":31}},"25":{"start":{"line":54,"column":4},"end":{"line":57,"column":5}},"26":{"start":{"line":55,"column":23},"end":{"line":55,"column":78}},"27":{"start":{"line":56,"column":6},"end":{"line":56,"column":80}},"28":{"start":{"line":56,"column":21},"end":{"line":56,"column":80}},"29":{"start":{"line":59,"column":4},"end":{"line":66,"column":5}},"30":{"start":{"line":60,"column":22},"end":{"line":60,"column":62}},"31":{"start":{"line":61,"column":6},"end":{"line":61,"column":69}},"32":{"start":{"line":61,"column":20},"end":{"line":61,"column":69}},"33":{"start":{"line":62,"column":6},"end":{"line":62,"column":21}},"34":{"start":{"line":64,"column":6},"end":{"line":64,"column":45}},"35":{"start":{"line":64,"column":35},"end":{"line":64,"column":45}},"36":{"start":{"line":65,"column":6},"end":{"line":65,"column":31}},"37":{"start":{"line":70,"column":4},"end":{"line":76,"column":5}},"38":{"start":{"line":71,"column":22},"end":{"line":71,"column":56}},"39":{"start":{"line":72,"column":6},"end":{"line":72,"column":69}},"40":{"start":{"line":72,"column":20},"end":{"line":72,"column":69}},"41":{"start":{"line":74,"column":6},"end":{"line":74,"column":45}},"42":{"start":{"line":74,"column":35},"end":{"line":74,"column":45}},"43":{"start":{"line":75,"column":6},"end":{"line":75,"column":31}}},"fnMap":{"0":{"name":"handleMongooseError","decl":{"start":{"line":7,"column":9},"end":{"line":7,"column":28}},"loc":{"start":{"line":7,"column":41},"end":{"line":17,"column":1}}},"1":{"name":"(anonymous_1)","decl":{"start":{"line":27,"column":2},"end":{"line":27,"column":7}},"loc":{"start":{"line":27,"column":43},"end":{"line":29,"column":3}}},"2":{"name":"(anonymous_2)","decl":{"start":{"line":31,"column":2},"end":{"line":31,"column":7}},"loc":{"start":{"line":31,"column":27},"end":{"line":40,"column":3}}},"3":{"name":"(anonymous_3)","decl":{"start":{"line":42,"column":2},"end":{"line":42,"column":7}},"loc":{"start":{"line":42,"column":39},"end":{"line":51,"column":3}}},"4":{"name":"(anonymous_4)","decl":{"start":{"line":53,"column":2},"end":{"line":53,"column":7}},"loc":{"start":{"line":53,"column":51},"end":{"line":67,"column":3}}},"5":{"name":"(anonymous_5)","decl":{"start":{"line":69,"column":2},"end":{"line":69,"column":7}},"loc":{"start":{"line":69,"column":25},"end":{"line":77,"column":3}}}},"branchMap":{"0":{"loc":{"start":{"line":10,"column":2},"end":{"line":12,"column":3}},"type":"if","locations":[{"start":{"line":10,"column":2},"end":{"line":12,"column":3}}]},"1":{"loc":{"start":{"line":13,"column":2},"end":{"line":15,"column":3}},"type":"if","locations":[{"start":{"line":13,"column":2},"end":{"line":15,"column":3}}]},"2":{"loc":{"start":{"line":34,"column":6},"end":{"line":34,"column":69}},"type":"if","locations":[{"start":{"line":34,"column":6},"end":{"line":34,"column":69}}]},"3":{"loc":{"start":{"line":37,"column":6},"end":{"line":37,"column":45}},"type":"if","locations":[{"start":{"line":37,"column":6},"end":{"line":37,"column":45}}]},"4":{"loc":{"start":{"line":44,"column":4},"end":{"line":44,"column":78}},"type":"if","locations":[{"start":{"line":44,"column":4},"end":{"line":44,"column":78}}]},"5":{"loc":{"start":{"line":54,"column":4},"end":{"line":57,"column":5}},"type":"if","locations":[{"start":{"line":54,"column":4},"end":{"line":57,"column":5}}]},"6":{"loc":{"start":{"line":56,"column":6},"end":{"line":56,"column":80}},"type":"if","locations":[{"start":{"line":56,"column":6},"end":{"line":56,"column":80}}]},"7":{"loc":{"start":{"line":61,"column":6},"end":{"line":61,"column":69}},"type":"if","locations":[{"start":{"line":61,"column":6},"end":{"line":61,"column":69}}]},"8":{"loc":{"start":{"line":64,"column":6},"end":{"line":64,"column":45}},"type":"if","locations":[{"start":{"line":64,"column":6},"end":{"line":64,"column":45}}]},"9":{"loc":{"start":{"line":72,"column":6},"end":{"line":72,"column":69}},"type":"if","locations":[{"start":{"line":72,"column":6},"end":{"line":72,"column":69}}]},"10":{"loc":{"start":{"line":74,"column":6},"end":{"line":74,"column":45}},"type":"if","locations":[{"start":{"line":74,"column":6},"end":{"line":74,"column":45}}]}},"s":{"0":4,"1":4,"2":4,"3":2,"4":2,"5":1,"6":1,"7":1,"8":0,"9":4,"10":3,"11":5,"12":5,"13":4,"14":2,"15":2,"16":3,"17":2,"18":1,"19":9,"20":9,"21":1,"22":8,"23":8,"24":1,"25":4,"26":1,"27":1,"28":1,"29":3,"30":3,"31":3,"32":1,"33":2,"34":1,"35":1,"36":0,"37":3,"38":3,"39":3,"40":1,"41":1,"42":1,"43":0},"f":{"0":2,"1":3,"2":5,"3":9,"4":4,"5":3},"b":{"0":[1],"1":[1],"2":[2],"3":[2],"4":[1],"5":[1],"6":[1],"7":[1],"8":[1],"9":[1],"10":[1]}}
,"C:\\SENAV\\MIERCOLES_express\\bc-expressjs-valentina-mendivil\\src\\services\\machineCategory.service.ts": {"path":"C:\\SENAV\\MIERCOLES_express\\bc-expressjs-valentina-mendivil\\src\\services\\machineCategory.service.ts","statementMap":{"0":{"start":{"line":1,"column":0},"end":{"line":1,"column":87}},"1":{"start":{"line":3,"column":0},"end":{"line":3,"column":46}},"2":{"start":{"line":7,"column":16},"end":{"line":7,"column":55}},"3":{"start":{"line":9,"column":2},"end":{"line":11,"column":3}},"4":{"start":{"line":10,"column":4},"end":{"line":10,"column":70}},"5":{"start":{"line":12,"column":2},"end":{"line":14,"column":3}},"6":{"start":{"line":13,"column":4},"end":{"line":13,"column":43}},"7":{"start":{"line":15,"column":2},"end":{"line":15,"column":12}},"8":{"start":{"line":18,"column":13},"end":{"line":62,"column":2}},"9":{"start":{"line":20,"column":4},"end":{"line":20,"column":47}},"10":{"start":{"line":24,"column":4},"end":{"line":31,"column":5}},"11":{"start":{"line":25,"column":23},"end":{"line":25,"column":67}},"12":{"start":{"line":26,"column":6},"end":{"line":26,"column":72}},"13":{"start":{"line":26,"column":21},"end":{"line":26,"column":72}},"14":{"start":{"line":27,"column":6},"end":{"line":27,"column":22}},"15":{"start":{"line":29,"column":6},"end":{"line":29,"column":45}},"16":{"start":{"line":29,"column":35},"end":{"line":29,"column":45}},"17":{"start":{"line":30,"column":6},"end":{"line":30,"column":31}},"18":{"start":{"line":35,"column":4},"end":{"line":39,"column":5}},"19":{"start":{"line":36,"column":6},"end":{"line":36,"column":58}},"20":{"start":{"line":38,"column":6},"end":{"line":38,"column":31}},"21":{"start":{"line":43,"column":4},"end":{"line":50,"column":5}},"22":{"start":{"line":44,"column":22},"end":{"line":44,"column":70}},"23":{"start":{"line":45,"column":6},"end":{"line":45,"column":71}},"24":{"start":{"line":45,"column":20},"end":{"line":45,"column":71}},"25":{"start":{"line":46,"column":6},"end":{"line":46,"column":21}},"26":{"start":{"line":48,"column":6},"end":{"line":48,"column":45}},"27":{"start":{"line":48,"column":35},"end":{"line":48,"column":45}},"28":{"start":{"line":49,"column":6},"end":{"line":49,"column":31}},"29":{"start":{"line":54,"column":4},"end":{"line":60,"column":5}},"30":{"start":{"line":55,"column":22},"end":{"line":55,"column":64}},"31":{"start":{"line":56,"column":6},"end":{"line":56,"column":71}},"32":{"start":{"line":56,"column":20},"end":{"line":56,"column":71}},"33":{"start":{"line":58,"column":6},"end":{"line":58,"column":45}},"34":{"start":{"line":58,"column":35},"end":{"line":58,"column":45}},"35":{"start":{"line":59,"column":6},"end":{"line":59,"column":31}}},"fnMap":{"0":{"name":"handleMongooseError","decl":{"start":{"line":6,"column":9},"end":{"line":6,"column":28}},"loc":{"start":{"line":6,"column":41},"end":{"line":16,"column":1}}},"1":{"name":"(anonymous_1)","decl":{"start":{"line":19,"column":2},"end":{"line":19,"column":7}},"loc":{"start":{"line":19,"column":15},"end":{"line":21,"column":3}}},"2":{"name":"(anonymous_2)","decl":{"start":{"line":23,"column":2},"end":{"line":23,"column":7}},"loc":{"start":{"line":23,"column":27},"end":{"line":32,"column":3}}},"3":{"name":"(anonymous_3)","decl":{"start":{"line":34,"column":2},"end":{"line":34,"column":7}},"loc":{"start":{"line":34,"column":47},"end":{"line":40,"column":3}}},"4":{"name":"(anonymous_4)","decl":{"start":{"line":42,"column":2},"end":{"line":42,"column":7}},"loc":{"start":{"line":42,"column":59},"end":{"line":51,"column":3}}},"5":{"name":"(anonymous_5)","decl":{"start":{"line":53,"column":2},"end":{"line":53,"column":7}},"loc":{"start":{"line":53,"column":25},"end":{"line":61,"column":3}}}},"branchMap":{"0":{"loc":{"start":{"line":9,"column":2},"end":{"line":11,"column":3}},"type":"if","locations":[{"start":{"line":9,"column":2},"end":{"line":11,"column":3}}]},"1":{"loc":{"start":{"line":12,"column":2},"end":{"line":14,"column":3}},"type":"if","locations":[{"start":{"line":12,"column":2},"end":{"line":14,"column":3}}]},"2":{"loc":{"start":{"line":26,"column":6},"end":{"line":26,"column":72}},"type":"if","locations":[{"start":{"line":26,"column":6},"end":{"line":26,"column":72}}]},"3":{"loc":{"start":{"line":29,"column":6},"end":{"line":29,"column":45}},"type":"if","locations":[{"start":{"line":29,"column":6},"end":{"line":29,"column":45}}]},"4":{"loc":{"start":{"line":45,"column":6},"end":{"line":45,"column":71}},"type":"if","locations":[{"start":{"line":45,"column":6},"end":{"line":45,"column":71}}]},"5":{"loc":{"start":{"line":48,"column":6},"end":{"line":48,"column":45}},"type":"if","locations":[{"start":{"line":48,"column":6},"end":{"line":48,"column":45}}]},"6":{"loc":{"start":{"line":56,"column":6},"end":{"line":56,"column":71}},"type":"if","locations":[{"start":{"line":56,"column":6},"end":{"line":56,"column":71}}]},"7":{"loc":{"start":{"line":58,"column":6},"end":{"line":58,"column":45}},"type":"if","locations":[{"start":{"line":58,"column":6},"end":{"line":58,"column":45}}]}},"s":{"0":4,"1":4,"2":3,"3":3,"4":2,"5":1,"6":1,"7":0,"8":4,"9":3,"10":5,"11":5,"12":4,"13":2,"14":2,"15":3,"16":2,"17":1,"18":8,"19":8,"20":1,"21":4,"22":4,"23":3,"24":1,"25":2,"26":2,"27":1,"28":1,"29":3,"30":3,"31":3,"32":1,"33":1,"34":1,"35":0},"f":{"0":3,"1":3,"2":5,"3":8,"4":4,"5":3},"b":{"0":[2],"1":[1],"2":[2],"3":[2],"4":[1],"5":[1],"6":[1],"7":[1]}}
,"C:\\SENAV\\MIERCOLES_express\\bc-expressjs-valentina-mendivil\\src\\utils\\jwt.ts": {"path":"C:\\SENAV\\MIERCOLES_express\\bc-expressjs-valentina-mendivil\\src\\utils\\jwt.ts","statementMap":{"0":{"start":{"line":10,"column":0},"end":{"line":10,"column":16}},"1":{"start":{"line":16,"column":0},"end":{"line":16,"column":16}},"2":{"start":{"line":22,"column":0},"end":{"line":22,"column":16}},"3":{"start":{"line":28,"column":0},"end":{"line":28,"column":16}},"4":{"start":{"line":1,"column":0},"end":{"line":1,"column":31}},"5":{"start":{"line":2,"column":0},"end":{"line":2,"column":46}},"6":{"start":{"line":11,"column":17},"end":{"line":11,"column":46}},"7":{"start":{"line":12,"column":2},"end":{"line":12,"column":78}},"8":{"start":{"line":12,"column":15},"end":{"line":12,"column":78}},"9":{"start":{"line":13,"column":2},"end":{"line":13,"column":57}},"10":{"start":{"line":17,"column":17},"end":{"line":17,"column":46}},"11":{"start":{"line":18,"column":2},"end":{"line":18,"column":78}},"12":{"start":{"line":18,"column":15},"end":{"line":18,"column":78}},"13":{"start":{"line":19,"column":2},"end":{"line":19,"column":49}},"14":{"start":{"line":23,"column":17},"end":{"line":23,"column":47}},"15":{"start":{"line":24,"column":2},"end":{"line":24,"column":79}},"16":{"start":{"line":24,"column":15},"end":{"line":24,"column":79}},"17":{"start":{"line":25,"column":2},"end":{"line":25,"column":56}},"18":{"start":{"line":29,"column":17},"end":{"line":29,"column":47}},"19":{"start":{"line":30,"column":2},"end":{"line":30,"column":79}},"20":{"start":{"line":30,"column":15},"end":{"line":30,"column":79}},"21":{"start":{"line":31,"column":2},"end":{"line":31,"column":49}}},"fnMap":{"0":{"name":"signAccessToken","decl":{"start":{"line":10,"column":16},"end":{"line":10,"column":31}},"loc":{"start":{"line":10,"column":51},"end":{"line":14,"column":1}}},"1":{"name":"verifyAccessToken","decl":{"start":{"line":16,"column":16},"end":{"line":16,"column":33}},"loc":{"start":{"line":16,"column":47},"end":{"line":20,"column":1}}},"2":{"name":"signRefreshToken","decl":{"start":{"line":22,"column":16},"end":{"line":22,"column":32}},"loc":{"start":{"line":22,"column":65},"end":{"line":26,"column":1}}},"3":{"name":"verifyRefreshToken","decl":{"start":{"line":28,"column":16},"end":{"line":28,"column":34}},"loc":{"start":{"line":28,"column":48},"end":{"line":32,"column":1}}}},"branchMap":{"0":{"loc":{"start":{"line":12,"column":2},"end":{"line":12,"column":78}},"type":"if","locations":[{"start":{"line":12,"column":2},"end":{"line":12,"column":78}}]},"1":{"loc":{"start":{"line":18,"column":2},"end":{"line":18,"column":78}},"type":"if","locations":[{"start":{"line":18,"column":2},"end":{"line":18,"column":78}}]},"2":{"loc":{"start":{"line":24,"column":2},"end":{"line":24,"column":79}},"type":"if","locations":[{"start":{"line":24,"column":2},"end":{"line":24,"column":79}}]},"3":{"loc":{"start":{"line":30,"column":2},"end":{"line":30,"column":79}},"type":"if","locations":[{"start":{"line":30,"column":2},"end":{"line":30,"column":79}}]}},"s":{"0":4,"1":4,"2":4,"3":4,"4":4,"5":4,"6":6,"7":6,"8":0,"9":6,"10":32,"11":32,"12":0,"13":32,"14":6,"15":6,"16":0,"17":6,"18":1,"19":1,"20":0,"21":1},"f":{"0":6,"1":32,"2":6,"3":1},"b":{"0":[0],"1":[0],"2":[0],"3":[0]}}
}
