TN:
SF:src\app.ts
FN:27,(anonymous_1)
FNF:1
FNH:0
FNDA:0,(anonymous_1)
DA:1,3
DA:2,3
DA:3,3
DA:4,3
DA:5,3
DA:6,3
DA:7,3
DA:8,3
DA:9,3
DA:10,3
DA:11,3
DA:13,3
DA:16,3
DA:17,3
DA:18,3
DA:21,3
DA:22,3
DA:25,3
DA:27,3
DA:28,0
DA:31,3
DA:32,3
DA:33,3
DA:35,3
DA:36,3
LF:25
LH:24
BRF:0
BRH:0
end_of_record
TN:
SF:src\config\security.ts
FN:26,(anonymous_1)
FNF:1
FNH:1
FNDA:47,(anonymous_1)
DA:1,3
DA:5,3
DA:14,3
DA:23,3
DA:25,3
DA:27,47
DA:28,47
DA:30,0
LF:8
LH:7
BRDA:27,0,0,47
BRDA:27,0,1,0
BRDA:27,1,0,47
BRDA:27,1,1,0
BRF:4
BRH:2
end_of_record
TN:
SF:src\controllers\auth.controller.ts
FN:7,setCookieOptions
FN:17,setTokenCookies
FN:29,clearTokenCookies
FN:34,register
FN:49,login
FN:60,me
FN:75,refresh
FN:90,logout
FNF:8
FNH:8
FNDA:12,setCookieOptions
FNDA:6,setTokenCookies
FNDA:1,clearTokenCookies
FNDA:5,register
FNDA:6,login
FNDA:1,me
FNDA:2,refresh
FNDA:1,logout
DA:2,3
DA:3,3
DA:5,3
DA:8,12
DA:21,6
DA:22,6
DA:30,1
DA:31,1
DA:34,3
DA:35,5
DA:36,5
DA:37,4
DA:38,3
DA:45,2
DA:49,3
DA:50,6
DA:51,6
DA:52,6
DA:53,5
DA:54,5
DA:56,1
DA:60,3
DA:61,1
DA:62,1
DA:63,1
DA:64,1
DA:71,0
DA:75,3
DA:76,2
DA:77,2
DA:78,2
DA:79,1
DA:80,1
DA:82,1
DA:83,1
DA:84,1
DA:86,0
DA:90,3
DA:91,1
DA:92,1
DA:93,1
DA:94,1
DA:95,1
DA:97,0
LF:44
LH:41
BRDA:7,0,0,6
BRDA:78,1,0,1
BRF:2
BRH:2
end_of_record
TN:
SF:src\controllers\machine.controller.ts
FN:6,(anonymous_0)
FN:17,(anonymous_1)
FN:26,(anonymous_2)
FN:36,(anonymous_3)
FN:46,(anonymous_4)
FNF:5
FNH:5
FNDA:1,(anonymous_0)
FNDA:2,(anonymous_1)
FNDA:7,(anonymous_2)
FNDA:1,(anonymous_3)
FNDA:1,(anonymous_4)
DA:2,3
DA:3,3
DA:5,3
DA:7,1
DA:8,1
DA:9,1
DA:10,1
DA:11,1
DA:13,0
DA:18,2
DA:19,2
DA:20,1
DA:22,1
DA:27,7
DA:28,7
DA:29,6
DA:30,6
DA:32,1
DA:37,1
DA:38,1
DA:39,1
DA:40,1
DA:42,0
DA:47,1
DA:48,1
DA:49,1
DA:51,0
LF:27
LH:24
BRDA:8,0,0,1
BRDA:8,0,1,1
BRDA:9,1,0,1
BRDA:9,1,1,1
BRF:4
BRH:4
end_of_record
TN:
SF:src\controllers\machineCategory.controller.ts
FN:6,(anonymous_0)
FN:15,(anonymous_1)
FN:24,(anonymous_2)
FN:34,(anonymous_3)
FN:44,(anonymous_4)
FNF:5
FNH:5
FNDA:1,(anonymous_0)
FNDA:2,(anonymous_1)
FNDA:7,(anonymous_2)
FNDA:1,(anonymous_3)
FNDA:1,(anonymous_4)
DA:2,3
DA:3,3
DA:5,3
DA:7,1
DA:8,1
DA:9,1
DA:11,0
DA:16,2
DA:17,2
DA:18,1
DA:20,1
DA:25,7
DA:26,7
DA:27,6
DA:28,6
DA:30,1
DA:35,1
DA:36,1
DA:37,1
DA:38,1
DA:40,0
DA:45,1
DA:46,1
DA:47,1
DA:49,0
LF:25
LH:22
BRF:0
BRH:0
end_of_record
TN:
SF:src\errors\AppError.ts
FN:4,(anonymous_0)
FNF:1
FNH:1
FNDA:32,(anonymous_0)
DA:1,7
DA:5,32
DA:6,32
DA:7,32
DA:8,32
LF:5
LH:5
BRF:0
BRH:0
end_of_record
TN:
SF:src\middlewares\auth.middleware.ts
FN:5,authMiddleware
FNF:1
FNH:1
FNDA:34,authMiddleware
DA:2,3
DA:3,3
DA:5,3
DA:6,34
DA:8,34
DA:9,2
DA:12,32
DA:13,32
DA:14,32
DA:15,32
DA:17,0
LF:11
LH:10
BRDA:8,0,0,2
BRF:1
BRH:1
end_of_record
TN:
SF:src\middlewares\errorHandler.ts
FN:5,errorHandler
FN:14,(anonymous_1)
FNF:2
FNH:2
FNDA:15,errorHandler
FNDA:9,(anonymous_1)
DA:2,3
DA:3,3
DA:5,3
DA:11,15
DA:12,3
DA:14,9
DA:19,3
DA:22,12
DA:23,12
DA:24,12
DA:27,0
DA:28,0
LF:12
LH:10
BRDA:11,0,0,3
BRDA:22,1,0,12
BRF:2
BRH:2
end_of_record
TN:
SF:src\middlewares\notFound.ts
FN:3,notFound
FNF:1
FNH:0
FNDA:0,notFound
DA:3,3
DA:4,0
LF:2
LH:1
BRF:0
BRH:0
end_of_record
TN:
SF:src\middlewares\requireRole.ts
FN:5,requireRole
FN:6,(anonymous_1)
FNF:2
FNH:2
FNDA:18,requireRole
FNDA:24,(anonymous_1)
DA:2,3
DA:5,3
DA:6,18
DA:7,24
DA:8,0
DA:11,24
DA:12,6
DA:17,18
LF:8
LH:7
BRDA:7,0,0,0
BRDA:11,1,0,6
BRF:2
BRH:1
end_of_record
TN:
SF:src\middlewares\sanitize.middleware.ts
FN:3,sanitizeValue
FN:19,sanitizeInputs
FNF:2
FNH:2
FNDA:196,sanitizeValue
FNDA:47,sanitizeInputs
DA:4,196
DA:5,0
DA:7,196
DA:8,126
DA:9,126
DA:11,70
DA:12,70
DA:14,126
DA:16,70
DA:19,3
DA:20,47
DA:21,32
DA:24,47
DA:25,47
DA:30,47
DA:31,47
DA:32,47
DA:33,0
DA:35,47
DA:38,47
LF:20
LH:18
BRDA:4,0,0,0
BRDA:7,1,0,126
BRDA:7,2,0,196
BRDA:7,2,1,196
BRDA:11,3,0,0
BRDA:11,4,0,70
BRDA:11,4,1,70
BRDA:20,5,0,32
BRDA:24,6,0,47
BRDA:30,7,0,47
BRF:10
BRH:8
end_of_record
TN:
SF:src\models\machine.model.ts
FNF:0
FNH:0
DA:1,4
DA:13,4
DA:46,4
LF:3
LH:3
BRF:0
BRH:0
end_of_record
TN:
SF:src\models\machineCategory.model.ts
FNF:0
FNH:0
DA:1,5
DA:10,5
DA:29,5
LF:3
LH:3
BRF:0
BRH:0
end_of_record
TN:
SF:src\models\user.model.ts
FNF:0
FNH:0
DA:1,4
DA:13,4
DA:45,4
LF:3
LH:3
BRF:0
BRH:0
end_of_record
TN:
SF:src\repositories\machine.repository.ts
FN:12,(anonymous_0)
FN:28,(anonymous_1)
FN:32,(anonymous_2)
FN:36,(anonymous_3)
FN:40,(anonymous_4)
FNF:5
FNH:5
FNDA:1,(anonymous_0)
FNDA:2,(anonymous_1)
FNDA:6,(anonymous_2)
FNDA:1,(anonymous_3)
FNDA:1,(anonymous_4)
DA:1,4
DA:11,4
DA:13,1
DA:15,1
DA:20,1
DA:29,2
DA:33,6
DA:37,1
DA:41,1
LF:9
LH:9
BRF:0
BRH:0
end_of_record
TN:
SF:src\repositories\machineCategory.repository.ts
FN:5,(anonymous_0)
FN:9,(anonymous_1)
FN:13,(anonymous_2)
FN:17,(anonymous_3)
FN:21,(anonymous_4)
FNF:5
FNH:5
FNDA:1,(anonymous_0)
FNDA:8,(anonymous_1)
FNDA:6,(anonymous_2)
FNDA:1,(anonymous_3)
FNDA:1,(anonymous_4)
DA:1,5
DA:4,5
DA:6,1
DA:10,8
DA:14,6
DA:18,1
DA:22,1
LF:7
LH:7
BRF:0
BRH:0
end_of_record
TN:
SF:src\repositories\users.repository.ts
FN:4,findByEmail
FN:8,findByEmailWithPassword
FN:13,findByIdWithTokens
FN:17,findById
FN:21,create
FN:25,updateRefreshToken
FNF:6
FNH:6
FNDA:4,findByEmail
FNDA:6,findByEmailWithPassword
FNDA:1,findByIdWithTokens
FNDA:1,findById
FNDA:3,create
FNDA:7,updateRefreshToken
DA:1,4
DA:4,4
DA:5,4
DA:8,4
DA:10,6
DA:13,4
DA:14,1
DA:17,4
DA:18,1
DA:21,4
DA:22,3
DA:25,4
DA:29,7
LF:13
LH:13
BRDA:29,0,0,7
BRDA:29,0,1,1
BRF:2
BRH:2
end_of_record
TN:
SF:src\routes\auth.routes.ts
FNF:0
FNH:0
DA:1,3
DA:2,3
DA:3,3
DA:4,3
DA:6,3
DA:8,3
DA:9,3
DA:10,3
DA:12,3
DA:13,3
DA:15,3
LF:11
LH:11
BRF:0
BRH:0
end_of_record
TN:
SF:src\routes\machine.routes.ts
FNF:0
FNH:0
DA:1,3
DA:2,3
DA:3,3
DA:4,3
DA:6,3
DA:8,3
DA:10,3
DA:11,3
DA:12,3
DA:13,3
DA:14,3
DA:16,3
LF:12
LH:12
BRF:0
BRH:0
end_of_record
TN:
SF:src\routes\machineCategory.routes.ts
FNF:0
FNH:0
DA:1,3
DA:2,3
DA:3,3
DA:4,3
DA:6,3
DA:8,3
DA:10,3
DA:11,3
DA:12,3
DA:13,3
DA:14,3
DA:16,3
LF:12
LH:12
BRF:0
BRH:0
end_of_record
TN:
SF:src\schemas\auth.schema.ts
FNF:0
FNH:0
DA:1,3
DA:3,3
DA:13,3
LF:3
LH:3
BRF:0
BRH:0
end_of_record
TN:
SF:src\schemas\machine.schema.ts
FNF:0
FNH:0
DA:1,3
DA:3,3
DA:5,3
DA:13,3
LF:4
LH:4
BRF:0
BRH:0
end_of_record
TN:
SF:src\schemas\machineCategory.schema.ts
FNF:0
FNH:0
DA:1,3
DA:3,3
DA:8,3
LF:3
LH:3
BRF:0
BRH:0
end_of_record
TN:
SF:src\services\auth.service.ts
FN:19,register
FN:27,login
FN:53,refresh
FN:89,logout
FN:94,getMe
FNF:5
FNH:5
FNDA:6,register
FNDA:9,login
FNDA:5,refresh
FNDA:2,logout
FNDA:3,getMe
DA:1,4
DA:2,4
DA:3,4
DA:4,4
DA:8,4
DA:9,4
DA:10,4
DA:19,4
DA:20,6
DA:21,6
DA:23,4
DA:24,4
DA:27,4
DA:28,9
DA:32,9
DA:34,8
DA:35,8
DA:37,6
DA:38,6
DA:39,6
DA:42,6
DA:43,6
DA:45,6
DA:53,4
DA:56,5
DA:57,5
DA:59,1
DA:63,4
DA:64,4
DA:65,1
DA:69,3
DA:70,3
DA:73,2
DA:74,2
DA:75,2
DA:78,2
DA:79,2
DA:81,2
DA:89,4
DA:91,2
DA:94,4
DA:95,3
DA:96,3
DA:97,2
LF:44
LH:44
BRDA:21,0,0,2
BRDA:32,1,0,1
BRDA:35,2,0,2
BRDA:64,3,0,1
BRDA:64,4,0,4
BRDA:64,4,1,4
BRDA:70,5,0,1
BRDA:96,6,0,1
BRF:8
BRH:8
end_of_record
TN:
SF:src\services\machine.service.ts
FN:7,handleMongooseError
FN:27,(anonymous_1)
FN:31,(anonymous_2)
FN:42,(anonymous_3)
FN:53,(anonymous_4)
FN:69,(anonymous_5)
FNF:6
FNH:6
FNDA:2,handleMongooseError
FNDA:3,(anonymous_1)
FNDA:5,(anonymous_2)
FNDA:9,(anonymous_3)
FNDA:4,(anonymous_4)
FNDA:3,(anonymous_5)
DA:1,4
DA:2,4
DA:4,4
DA:8,2
DA:10,2
DA:11,1
DA:13,1
DA:14,1
DA:16,0
DA:26,4
DA:28,3
DA:32,5
DA:33,5
DA:34,4
DA:35,2
DA:37,3
DA:38,1
DA:43,9
DA:44,9
DA:46,8
DA:47,8
DA:49,1
DA:54,4
DA:55,1
DA:56,1
DA:59,3
DA:60,3
DA:61,3
DA:62,2
DA:64,1
DA:65,0
DA:70,3
DA:71,3
DA:72,3
DA:74,1
DA:75,0
LF:36
LH:33
BRDA:10,0,0,1
BRDA:13,1,0,1
BRDA:34,2,0,2
BRDA:37,3,0,2
BRDA:44,4,0,1
BRDA:54,5,0,1
BRDA:56,6,0,1
BRDA:61,7,0,1
BRDA:64,8,0,1
BRDA:72,9,0,1
BRDA:74,10,0,1
BRF:11
BRH:11
end_of_record
TN:
SF:src\services\machineCategory.service.ts
FN:6,handleMongooseError
FN:19,(anonymous_1)
FN:23,(anonymous_2)
FN:34,(anonymous_3)
FN:42,(anonymous_4)
FN:53,(anonymous_5)
FNF:6
FNH:6
FNDA:3,handleMongooseError
FNDA:3,(anonymous_1)
FNDA:5,(anonymous_2)
FNDA:8,(anonymous_3)
FNDA:4,(anonymous_4)
FNDA:3,(anonymous_5)
DA:1,4
DA:3,4
DA:7,3
DA:9,3
DA:10,2
DA:12,1
DA:13,1
DA:15,0
DA:18,4
DA:20,3
DA:24,5
DA:25,5
DA:26,4
DA:27,2
DA:29,3
DA:30,1
DA:35,8
DA:36,8
DA:38,1
DA:43,4
DA:44,4
DA:45,3
DA:46,2
DA:48,2
DA:49,1
DA:54,3
DA:55,3
DA:56,3
DA:58,1
DA:59,0
LF:30
LH:28
BRDA:9,0,0,2
BRDA:12,1,0,1
BRDA:26,2,0,2
BRDA:29,3,0,2
BRDA:45,4,0,1
BRDA:48,5,0,1
BRDA:56,6,0,1
BRDA:58,7,0,1
BRF:8
BRH:8
end_of_record
TN:
SF:src\utils\jwt.ts
FN:10,signAccessToken
FN:16,verifyAccessToken
FN:22,signRefreshToken
FN:28,verifyRefreshToken
FNF:4
FNH:4
FNDA:6,signAccessToken
FNDA:32,verifyAccessToken
FNDA:6,signRefreshToken
FNDA:1,verifyRefreshToken
DA:1,4
DA:2,4
DA:10,4
DA:11,6
DA:12,6
DA:13,6
DA:16,4
DA:17,32
DA:18,32
DA:19,32
DA:22,4
DA:23,6
DA:24,6
DA:25,6
DA:28,4
DA:29,1
DA:30,1
DA:31,1
LF:18
LH:18
BRDA:12,0,0,0
BRDA:18,1,0,0
BRDA:24,2,0,0
BRDA:30,3,0,0
BRF:4
BRH:0
end_of_record
